<?xml version="1.0" encoding="UTF-8" ?>
<testsuite errors="0" failures="0" hostname="DeAndre-PC" name="com.flatironschool.javacs.MyTreeMapTest" tests="11" time="0.056" timestamp="2016-06-04T21:51:26">
  <properties>
[...]
</properties>
  <testcase classname="com.flatironschool.javacs.MyTreeMapTest" name="testGet" time="0.005" />
  <testcase classname="com.flatironschool.javacs.MyTreeMapTest" name="testPut" time="0.0" />
  <testcase classname="com.flatironschool.javacs.MyTreeMapTest" name="testClear" time="0.0" />
  <testcase classname="com.flatironschool.javacs.MyTreeMapTest" name="testSize" time="0.0" />
  <testcase classname="com.flatironschool.javacs.MyTreeMapTest" name="testContainsKey" time="0.0" />
  <testcase classname="com.flatironschool.javacs.MyTreeMapTest" name="testContainsValue" time="0.0" />
  <testcase classname="com.flatironschool.javacs.MyTreeMapTest" name="testKeySet" time="0.0" />
  <testcase classname="com.flatironschool.javacs.MyTreeMapTest" name="testPutAll" time="0.0" />
  <testcase classname="com.flatironschool.javacs.MyTreeMapTest" name="testIsEmpty" time="0.0" />
  <testcase classname="com.flatironschool.javacs.MyTreeMapTest" name="testRemove" time="0.0" />
  <testcase classname="com.flatironschool.javacs.MyTreeMapTest" name="testValues" time="0.0" />
  <system-out><![CDATA[01
03
04
06
07
08
10
13
]]></system-out>
  <system-err><![CDATA[]]></system-err>
</testsuite>
